Using pre-set license
Built from '2020.3/staging' branch; Version is '2020.3.9f1 (108be757e447) revision 1084391'; Using compiler version '192528614'; Build Type 'Release'
OS: 'Windows 10 Pro; OS build 19042.1237; Version 2009; 64bit' Language: 'en' Physical Memory: 24529 MB
BatchMode: 1, IsHumanControllingUs: 0, StartBugReporterOnCrash: 0, Is64bit: 1, IsPro: 0

 COMMAND LINE ARGUMENTS:
C:\Program Files\Unity\Hub\Editor\2020.3.9f1\Editor\Unity.exe
-adb2
-batchMode
-noUpm
-name
AssetImportWorker0
-projectPath
C:/Users/ahmed/Downloads/BallThrow
-logFile
Logs/AssetImportWorker0.log
-srvPort
52111
Successfully changed project path to: C:/Users/ahmed/Downloads/BallThrow
C:/Users/ahmed/Downloads/BallThrow
Using Asset Import Pipeline V2.
Refreshing native plugins compatible for Editor in 42.69 ms, found 0 plugins.
Preloading 0 native plugins for Editor in 0.00 ms.
Initialize engine version: 2020.3.9f1 (108be757e447)
[Subsystems] Discovering subsystems at path C:/Program Files/Unity/Hub/Editor/2020.3.9f1/Editor/Data/Resources/UnitySubsystems
[Subsystems] Discovering subsystems at path C:/Users/ahmed/Downloads/BallThrow/Assets
GfxDevice: creating device client; threaded=0
Direct3D:
    Version:  Direct3D 11.0 [level 11.0]
    Renderer: NVIDIA GeForce GTX 670MX (ID=0x11a1)
    Vendor:   
    VRAM:     3040 MB
    Driver:   23.21.13.8857
Initialize mono
Mono path[0] = 'C:/Program Files/Unity/Hub/Editor/2020.3.9f1/Editor/Data/Managed'
Mono path[1] = 'C:/Program Files/Unity/Hub/Editor/2020.3.9f1/Editor/Data/MonoBleedingEdge/lib/mono/unityjit'
Mono config path = 'C:/Program Files/Unity/Hub/Editor/2020.3.9f1/Editor/Data/MonoBleedingEdge/etc'
Using monoOptions --debugger-agent=transport=dt_socket,embedding=1,server=y,suspend=n,address=127.0.0.1:56868
Begin MonoManager ReloadAssembly
Registering precompiled unity dll's ...
Register platform support module: C:/Program Files/Unity/Hub/Editor/2020.3.9f1/Editor/Data/PlaybackEngines/WindowsStandaloneSupport/UnityEditor.WindowsStandalone.Extensions.dll
Registered in 0.002709 seconds.
Native extension for WindowsStandalone target not found
Refreshing native plugins compatible for Editor in 40.99 ms, found 0 plugins.
Preloading 0 native plugins for Editor in 0.00 ms.
Mono: successfully reloaded assembly
- Completed reload, in  2.622 seconds
Platform modules already initialized, skipping
Registering precompiled user dll's ...
Registered in 0.001169 seconds.
Begin MonoManager ReloadAssembly
Native extension for WindowsStandalone target not found
Refreshing native plugins compatible for Editor in 0.39 ms, found 0 plugins.
Preloading 0 native plugins for Editor in 0.00 ms.
Mono: successfully reloaded assembly
- Completed reload, in  1.281 seconds
Platform modules already initialized, skipping
========================================================================
Worker process is ready to serve import requests
Launched and connected shader compiler UnityShaderCompiler.exe after 0.06 seconds
Refreshing native plugins compatible for Editor in 0.36 ms, found 0 plugins.
Preloading 0 native plugins for Editor in 0.00 ms.
Unloading 1466 Unused Serialized files (Serialized files now loaded: 0)
System memory in use before: 67.6 MB.
System memory in use after: 67.6 MB.

Unloading 12 unused Assets to reduce memory usage. Loaded Objects now: 1908.
Total: 2.549500 ms (FindLiveObjects: 0.231400 ms CreateObjectMapping: 0.127200 ms MarkObjects: 2.070700 ms  DeleteObjects: 0.117800 ms)

========================================================================
Received Import Request.
  path: Assets/Prefabs/Sphere.prefab
  artifactKey: Guid(f94fcbb465391bf47b6c762a09aa8e2b) Importer(815301076,1909f56bfc062723c751e8b465ee728b)
Start importing Assets/Prefabs/Sphere.prefab using Guid(f94fcbb465391bf47b6c762a09aa8e2b) Importer(815301076,1909f56bfc062723c751e8b465ee728b)  -> (artifact id: '16ebe89ab66ee0b569932b91a195efe4') in 0.153404 seconds
  Import took 0.156642 seconds .

========================================================================
Received Prepare
Registering precompiled user dll's ...
Registered in 0.001086 seconds.
Begin MonoManager ReloadAssembly
Native extension for WindowsStandalone target not found
Refreshing native plugins compatible for Editor in 0.39 ms, found 0 plugins.
Preloading 0 native plugins for Editor in 0.00 ms.
Mono: successfully reloaded assembly
- Completed reload, in  1.218 seconds
Platform modules already initialized, skipping
Switching build target platform(19) subTarget(0) extendedPlatform(0) -> platform(13) subTarget(524288) extendedPlatform(0)
Refreshing native plugins compatible for Editor in 0.41 ms, found 0 plugins.
Preloading 0 native plugins for Editor in 0.00 ms.
Unloading 1460 Unused Serialized files (Serialized files now loaded: 0)
System memory in use before: 70.4 MB.
System memory in use after: 70.5 MB.

Unloading 8 unused Assets to reduce memory usage. Loaded Objects now: 1920.
Total: 2.740800 ms (FindLiveObjects: 0.235500 ms CreateObjectMapping: 0.125900 ms MarkObjects: 2.277100 ms  DeleteObjects: 0.100500 ms)

AssetImportParameters requested are different than current active one (requested -> active):
  custom:graphics/normal-map-encoding: 01000000000000000000000000000000 -> 02000000000000000000000000000000
========================================================================
Received Import Request.
  Time since last request: 49.360366 seconds.
  path: Assets/Prefabs/Sphere.prefab
  artifactKey: Guid(f94fcbb465391bf47b6c762a09aa8e2b) Importer(815301076,1909f56bfc062723c751e8b465ee728b)
Start importing Assets/Prefabs/Sphere.prefab using Guid(f94fcbb465391bf47b6c762a09aa8e2b) Importer(815301076,1909f56bfc062723c751e8b465ee728b)  -> (artifact id: '008caad67a8c67456a50e05965a1de96') in 0.081386 seconds
  Import took 0.084467 seconds .

========================================================================
Received Import Request.
  Time since last request: 1.118677 seconds.
  path: Assets/Prefabs/Sphere.prefab
  artifactKey: Guid(f94fcbb465391bf47b6c762a09aa8e2b) Importer(815301076,1909f56bfc062723c751e8b465ee728b)
Start importing Assets/Prefabs/Sphere.prefab using Guid(f94fcbb465391bf47b6c762a09aa8e2b) Importer(815301076,1909f56bfc062723c751e8b465ee728b)  -> (artifact id: '3e34d78df797ed5f8d69db24ec2611e2') in 0.015084 seconds
  Import took 0.019702 seconds .

========================================================================
Received Import Request.
  Time since last request: 0.021630 seconds.
  path: Assets/Prefabs/Sphere.prefab
  artifactKey: Guid(f94fcbb465391bf47b6c762a09aa8e2b) Importer(815301076,1909f56bfc062723c751e8b465ee728b)
Start importing Assets/Prefabs/Sphere.prefab using Guid(f94fcbb465391bf47b6c762a09aa8e2b) Importer(815301076,1909f56bfc062723c751e8b465ee728b)  -> (artifact id: '3e34d78df797ed5f8d69db24ec2611e2') in 0.011738 seconds
  Import took 0.015123 seconds .

========================================================================
Received Prepare
Registering precompiled user dll's ...
Registered in 0.001058 seconds.
Begin MonoManager ReloadAssembly
Native extension for WindowsStandalone target not found
Refreshing native plugins compatible for Editor in 0.38 ms, found 0 plugins.
Preloading 0 native plugins for Editor in 0.00 ms.
Mono: successfully reloaded assembly
- Completed reload, in  1.218 seconds
Platform modules already initialized, skipping
Switching build target platform(19) subTarget(0) extendedPlatform(0) -> platform(13) subTarget(524288) extendedPlatform(0)
Refreshing native plugins compatible for Editor in 0.38 ms, found 0 plugins.
Preloading 0 native plugins for Editor in 0.00 ms.
Unloading 1460 Unused Serialized files (Serialized files now loaded: 0)
System memory in use before: 70.5 MB.
System memory in use after: 70.5 MB.

Unloading 8 unused Assets to reduce memory usage. Loaded Objects now: 1925.
Total: 2.876900 ms (FindLiveObjects: 0.250200 ms CreateObjectMapping: 0.149800 ms MarkObjects: 2.382500 ms  DeleteObjects: 0.092300 ms)

AssetImportParameters requested are different than current active one (requested -> active):
  custom:graphics/normal-map-encoding: 01000000000000000000000000000000 -> 02000000000000000000000000000000
========================================================================
Received Import Request.
  Time since last request: 36.534182 seconds.
  path: Assets/Prefabs/Sphere.prefab
  artifactKey: Guid(f94fcbb465391bf47b6c762a09aa8e2b) Importer(815301076,1909f56bfc062723c751e8b465ee728b)
Start importing Assets/Prefabs/Sphere.prefab using Guid(f94fcbb465391bf47b6c762a09aa8e2b) Importer(815301076,1909f56bfc062723c751e8b465ee728b)  -> (artifact id: 'e9cc326f5df528cf59e119b4a1c63225') in 0.078344 seconds
  Import took 0.081997 seconds .

========================================================================
Received Import Request.
  Time since last request: 0.385033 seconds.
  path: Assets/Prefabs/Sphere.prefab
  artifactKey: Guid(f94fcbb465391bf47b6c762a09aa8e2b) Importer(815301076,1909f56bfc062723c751e8b465ee728b)
Start importing Assets/Prefabs/Sphere.prefab using Guid(f94fcbb465391bf47b6c762a09aa8e2b) Importer(815301076,1909f56bfc062723c751e8b465ee728b)  -> (artifact id: 'b753041d6f8681d59d08ad006402c52a') in 0.010429 seconds
  Import took 0.013422 seconds .

========================================================================
Received Import Request.
  Time since last request: 0.019866 seconds.
  path: Assets/Prefabs/Sphere.prefab
  artifactKey: Guid(f94fcbb465391bf47b6c762a09aa8e2b) Importer(815301076,1909f56bfc062723c751e8b465ee728b)
Start importing Assets/Prefabs/Sphere.prefab using Guid(f94fcbb465391bf47b6c762a09aa8e2b) Importer(815301076,1909f56bfc062723c751e8b465ee728b)  -> (artifact id: 'b753041d6f8681d59d08ad006402c52a') in 0.011162 seconds
  Import took 0.014392 seconds .

========================================================================
Received Prepare
Registering precompiled user dll's ...
Registered in 0.001004 seconds.
Begin MonoManager ReloadAssembly
Native extension for WindowsStandalone target not found
Refreshing native plugins compatible for Editor in 0.40 ms, found 0 plugins.
Preloading 0 native plugins for Editor in 0.00 ms.
Mono: successfully reloaded assembly
- Completed reload, in  1.262 seconds
Platform modules already initialized, skipping
Switching build target platform(19) subTarget(0) extendedPlatform(0) -> platform(13) subTarget(524288) extendedPlatform(0)
Refreshing native plugins compatible for Editor in 0.38 ms, found 0 plugins.
Preloading 0 native plugins for Editor in 0.00 ms.
Unloading 1460 Unused Serialized files (Serialized files now loaded: 0)
System memory in use before: 70.5 MB.
System memory in use after: 70.6 MB.

Unloading 8 unused Assets to reduce memory usage. Loaded Objects now: 1930.
Total: 2.574700 ms (FindLiveObjects: 0.219500 ms CreateObjectMapping: 0.074200 ms MarkObjects: 2.174400 ms  DeleteObjects: 0.103600 ms)

AssetImportParameters requested are different than current active one (requested -> active):
  custom:graphics/normal-map-encoding: 01000000000000000000000000000000 -> 02000000000000000000000000000000
========================================================================
Received Import Request.
  Time since last request: 7.331282 seconds.
  path: Assets/Prefabs/Sphere.prefab
  artifactKey: Guid(f94fcbb465391bf47b6c762a09aa8e2b) Importer(815301076,1909f56bfc062723c751e8b465ee728b)
Start importing Assets/Prefabs/Sphere.prefab using Guid(f94fcbb465391bf47b6c762a09aa8e2b) Importer(815301076,1909f56bfc062723c751e8b465ee728b)  -> (artifact id: '24c4f0dbe8a84f5368ad3835151eeb01') in 0.085730 seconds
  Import took 0.089092 seconds .

========================================================================
Received Import Request.
  Time since last request: 10.560170 seconds.
  path: Assets/Prefabs/Sphere.prefab
  artifactKey: Guid(f94fcbb465391bf47b6c762a09aa8e2b) Importer(815301076,1909f56bfc062723c751e8b465ee728b)
Start importing Assets/Prefabs/Sphere.prefab using Guid(f94fcbb465391bf47b6c762a09aa8e2b) Importer(815301076,1909f56bfc062723c751e8b465ee728b)  -> (artifact id: '23679632ed5ab7dd12a10df82e5ebb1f') in 0.011103 seconds
  Import took 0.014164 seconds .

========================================================================
Received Import Request.
  Time since last request: 0.016129 seconds.
  path: Assets/Prefabs/Sphere.prefab
  artifactKey: Guid(f94fcbb465391bf47b6c762a09aa8e2b) Importer(815301076,1909f56bfc062723c751e8b465ee728b)
Start importing Assets/Prefabs/Sphere.prefab using Guid(f94fcbb465391bf47b6c762a09aa8e2b) Importer(815301076,1909f56bfc062723c751e8b465ee728b)  -> (artifact id: '23679632ed5ab7dd12a10df82e5ebb1f') in 0.010837 seconds
  Import took 0.014071 seconds .

========================================================================
Received Import Request.
  Time since last request: 4.921356 seconds.
  path: Assets/Prefabs/Sphere.prefab
  artifactKey: Guid(f94fcbb465391bf47b6c762a09aa8e2b) Importer(815301076,1909f56bfc062723c751e8b465ee728b)
Start importing Assets/Prefabs/Sphere.prefab using Guid(f94fcbb465391bf47b6c762a09aa8e2b) Importer(815301076,1909f56bfc062723c751e8b465ee728b)  -> (artifact id: '9d99f7ef7d2598ca19e8b9958c199561') in 0.010470 seconds
  Import took 0.013482 seconds .

========================================================================
Received Import Request.
  Time since last request: 0.022563 seconds.
  path: Assets/Prefabs/Sphere.prefab
  artifactKey: Guid(f94fcbb465391bf47b6c762a09aa8e2b) Importer(815301076,1909f56bfc062723c751e8b465ee728b)
Start importing Assets/Prefabs/Sphere.prefab using Guid(f94fcbb465391bf47b6c762a09aa8e2b) Importer(815301076,1909f56bfc062723c751e8b465ee728b)  -> (artifact id: '9d99f7ef7d2598ca19e8b9958c199561') in 0.010948 seconds
  Import took 0.014726 seconds .

========================================================================
Received Import Request.
  Time since last request: 7.376311 seconds.
  path: Assets/Prefabs/Sphere.prefab
  artifactKey: Guid(f94fcbb465391bf47b6c762a09aa8e2b) Importer(815301076,1909f56bfc062723c751e8b465ee728b)
Start importing Assets/Prefabs/Sphere.prefab using Guid(f94fcbb465391bf47b6c762a09aa8e2b) Importer(815301076,1909f56bfc062723c751e8b465ee728b)  -> (artifact id: '4457bfbcf659b56843251359d6973597') in 0.009574 seconds
  Import took 0.012577 seconds .

========================================================================
Received Import Request.
  Time since last request: 0.017547 seconds.
  path: Assets/Prefabs/Sphere.prefab
  artifactKey: Guid(f94fcbb465391bf47b6c762a09aa8e2b) Importer(815301076,1909f56bfc062723c751e8b465ee728b)
Start importing Assets/Prefabs/Sphere.prefab using Guid(f94fcbb465391bf47b6c762a09aa8e2b) Importer(815301076,1909f56bfc062723c751e8b465ee728b)  -> (artifact id: '4457bfbcf659b56843251359d6973597') in 0.010882 seconds
  Import took 0.014170 seconds .

========================================================================
Received Prepare
Registering precompiled user dll's ...
Registered in 0.001137 seconds.
Begin MonoManager ReloadAssembly
Native extension for WindowsStandalone target not found
Refreshing native plugins compatible for Editor in 0.41 ms, found 0 plugins.
Preloading 0 native plugins for Editor in 0.00 ms.
Mono: successfully reloaded assembly
- Completed reload, in  1.301 seconds
Platform modules already initialized, skipping
Switching build target platform(19) subTarget(0) extendedPlatform(0) -> platform(13) subTarget(524288) extendedPlatform(0)
Refreshing native plugins compatible for Editor in 0.37 ms, found 0 plugins.
Preloading 0 native plugins for Editor in 0.00 ms.
Unloading 1460 Unused Serialized files (Serialized files now loaded: 0)
System memory in use before: 70.6 MB.
System memory in use after: 70.6 MB.

Unloading 8 unused Assets to reduce memory usage. Loaded Objects now: 1935.
Total: 2.549800 ms (FindLiveObjects: 0.190300 ms CreateObjectMapping: 0.083400 ms MarkObjects: 2.189200 ms  DeleteObjects: 0.085100 ms)

AssetImportParameters requested are different than current active one (requested -> active):
  custom:graphics/normal-map-encoding: 01000000000000000000000000000000 -> 02000000000000000000000000000000
========================================================================
Received Prepare
Registering precompiled user dll's ...
Registered in 0.002157 seconds.
Begin MonoManager ReloadAssembly
Native extension for WindowsStandalone target not found
Refreshing native plugins compatible for Editor in 0.39 ms, found 0 plugins.
Preloading 0 native plugins for Editor in 0.00 ms.
Mono: successfully reloaded assembly
- Completed reload, in  1.475 seconds
Platform modules already initialized, skipping
Switching build target platform(19) subTarget(0) extendedPlatform(0) -> platform(13) subTarget(524288) extendedPlatform(0)
Refreshing native plugins compatible for Editor in 0.46 ms, found 0 plugins.
Preloading 0 native plugins for Editor in 0.00 ms.
Unloading 1460 Unused Serialized files (Serialized files now loaded: 0)
System memory in use before: 70.6 MB.
System memory in use after: 70.7 MB.

Unloading 7 unused Assets to reduce memory usage. Loaded Objects now: 1939.
Total: 2.778300 ms (FindLiveObjects: 0.189400 ms CreateObjectMapping: 0.071900 ms MarkObjects: 2.420400 ms  DeleteObjects: 0.094500 ms)

AssetImportParameters requested are different than current active one (requested -> active):
  custom:graphics/normal-map-encoding: 01000000000000000000000000000000 -> 02000000000000000000000000000000
========================================================================
Received Import Request.
  Time since last request: 349.073931 seconds.
  path: Assets/Prefabs/Sphere.prefab
  artifactKey: Guid(f94fcbb465391bf47b6c762a09aa8e2b) Importer(815301076,1909f56bfc062723c751e8b465ee728b)
Start importing Assets/Prefabs/Sphere.prefab using Guid(f94fcbb465391bf47b6c762a09aa8e2b) Importer(815301076,1909f56bfc062723c751e8b465ee728b)  -> (artifact id: '346ea5c9daca2bef540613ddaba8cb99') in 0.091719 seconds
  Import took 0.095227 seconds .

========================================================================
Received Import Request.
  Time since last request: 2.788806 seconds.
  path: Assets/Prefabs/Sphere.prefab
  artifactKey: Guid(f94fcbb465391bf47b6c762a09aa8e2b) Importer(815301076,1909f56bfc062723c751e8b465ee728b)
Start importing Assets/Prefabs/Sphere.prefab using Guid(f94fcbb465391bf47b6c762a09aa8e2b) Importer(815301076,1909f56bfc062723c751e8b465ee728b)  -> (artifact id: '699f1820d450fb2b63bddd3e0930be26') in 0.010968 seconds
  Import took 0.014061 seconds .

========================================================================
Received Import Request.
  Time since last request: 0.019342 seconds.
  path: Assets/Prefabs/Sphere.prefab
  artifactKey: Guid(f94fcbb465391bf47b6c762a09aa8e2b) Importer(815301076,1909f56bfc062723c751e8b465ee728b)
Start importing Assets/Prefabs/Sphere.prefab using Guid(f94fcbb465391bf47b6c762a09aa8e2b) Importer(815301076,1909f56bfc062723c751e8b465ee728b)  -> (artifact id: '699f1820d450fb2b63bddd3e0930be26') in 0.011529 seconds
  Import took 0.015099 seconds .

========================================================================
Received Import Request.
  Time since last request: 1.789446 seconds.
  path: Assets/Prefabs/Sphere.prefab
  artifactKey: Guid(f94fcbb465391bf47b6c762a09aa8e2b) Importer(815301076,1909f56bfc062723c751e8b465ee728b)
Start importing Assets/Prefabs/Sphere.prefab using Guid(f94fcbb465391bf47b6c762a09aa8e2b) Importer(815301076,1909f56bfc062723c751e8b465ee728b)  -> (artifact id: '23db2600a0854ccb0062212954f058aa') in 0.010773 seconds
  Import took 0.014394 seconds .

========================================================================
Received Import Request.
  Time since last request: 0.022693 seconds.
  path: Assets/Prefabs/Sphere.prefab
  artifactKey: Guid(f94fcbb465391bf47b6c762a09aa8e2b) Importer(815301076,1909f56bfc062723c751e8b465ee728b)
Start importing Assets/Prefabs/Sphere.prefab using Guid(f94fcbb465391bf47b6c762a09aa8e2b) Importer(815301076,1909f56bfc062723c751e8b465ee728b)  -> (artifact id: '23db2600a0854ccb0062212954f058aa') in 0.012535 seconds
  Import took 0.015994 seconds .

========================================================================
Received Prepare
Registering precompiled user dll's ...
Registered in 0.001430 seconds.
Begin MonoManager ReloadAssembly
Native extension for WindowsStandalone target not found
Refreshing native plugins compatible for Editor in 0.56 ms, found 0 plugins.
Preloading 0 native plugins for Editor in 0.00 ms.
Mono: successfully reloaded assembly
- Completed reload, in  1.520 seconds
Platform modules already initialized, skipping
Switching build target platform(19) subTarget(0) extendedPlatform(0) -> platform(13) subTarget(524288) extendedPlatform(0)
Refreshing native plugins compatible for Editor in 0.39 ms, found 0 plugins.
Preloading 0 native plugins for Editor in 0.00 ms.
Unloading 1460 Unused Serialized files (Serialized files now loaded: 0)
System memory in use before: 70.6 MB.
System memory in use after: 70.7 MB.

Unloading 8 unused Assets to reduce memory usage. Loaded Objects now: 1944.
Total: 2.576900 ms (FindLiveObjects: 0.245200 ms CreateObjectMapping: 0.080100 ms MarkObjects: 2.159900 ms  DeleteObjects: 0.089300 ms)

AssetImportParameters requested are different than current active one (requested -> active):
  custom:graphics/normal-map-encoding: 01000000000000000000000000000000 -> 02000000000000000000000000000000
========================================================================
Received Import Request.
  Time since last request: 53.219023 seconds.
  path: Assets/Prefabs/Sphere.prefab
  artifactKey: Guid(f94fcbb465391bf47b6c762a09aa8e2b) Importer(815301076,1909f56bfc062723c751e8b465ee728b)
Start importing Assets/Prefabs/Sphere.prefab using Guid(f94fcbb465391bf47b6c762a09aa8e2b) Importer(815301076,1909f56bfc062723c751e8b465ee728b)  -> (artifact id: '1e27a51fe3a57de4c62c4d38da6f6879') in 0.089091 seconds
  Import took 0.092266 seconds .

========================================================================
Received Import Request.
  Time since last request: 10.461740 seconds.
  path: Assets/Prefabs/Sphere.prefab
  artifactKey: Guid(f94fcbb465391bf47b6c762a09aa8e2b) Importer(815301076,1909f56bfc062723c751e8b465ee728b)
Start importing Assets/Prefabs/Sphere.prefab using Guid(f94fcbb465391bf47b6c762a09aa8e2b) Importer(815301076,1909f56bfc062723c751e8b465ee728b)  -> (artifact id: 'ac724f68eb9045da61d6c969aa42879d') in 0.012896 seconds
  Import took 0.016057 seconds .

========================================================================
Received Import Request.
  Time since last request: 0.017553 seconds.
  path: Assets/Prefabs/Sphere.prefab
  artifactKey: Guid(f94fcbb465391bf47b6c762a09aa8e2b) Importer(815301076,1909f56bfc062723c751e8b465ee728b)
Start importing Assets/Prefabs/Sphere.prefab using Guid(f94fcbb465391bf47b6c762a09aa8e2b) Importer(815301076,1909f56bfc062723c751e8b465ee728b)  -> (artifact id: 'ac724f68eb9045da61d6c969aa42879d') in 0.011347 seconds
  Import took 0.014698 seconds .

========================================================================
Received Prepare
Registering precompiled user dll's ...
Registered in 0.001175 seconds.
Begin MonoManager ReloadAssembly
Native extension for WindowsStandalone target not found
Refreshing native plugins compatible for Editor in 0.38 ms, found 0 plugins.
Preloading 0 native plugins for Editor in 0.00 ms.
Mono: successfully reloaded assembly
- Completed reload, in  1.475 seconds
Platform modules already initialized, skipping
Switching build target platform(19) subTarget(0) extendedPlatform(0) -> platform(13) subTarget(524288) extendedPlatform(0)
Refreshing native plugins compatible for Editor in 0.58 ms, found 0 plugins.
Preloading 0 native plugins for Editor in 0.00 ms.
Unloading 1460 Unused Serialized files (Serialized files now loaded: 0)
System memory in use before: 70.6 MB.
System memory in use after: 70.7 MB.

Unloading 8 unused Assets to reduce memory usage. Loaded Objects now: 1949.
Total: 2.434400 ms (FindLiveObjects: 0.192200 ms CreateObjectMapping: 0.102400 ms MarkObjects: 2.042800 ms  DeleteObjects: 0.094300 ms)

AssetImportParameters requested are different than current active one (requested -> active):
  custom:graphics/normal-map-encoding: 01000000000000000000000000000000 -> 02000000000000000000000000000000
========================================================================
Received Import Request.
  Time since last request: 25.431530 seconds.
  path: Assets/Prefabs/Sphere.prefab
  artifactKey: Guid(f94fcbb465391bf47b6c762a09aa8e2b) Importer(815301076,1909f56bfc062723c751e8b465ee728b)
Start importing Assets/Prefabs/Sphere.prefab using Guid(f94fcbb465391bf47b6c762a09aa8e2b) Importer(815301076,1909f56bfc062723c751e8b465ee728b)  -> (artifact id: 'bf3bdbcfb4c7bded13812cc84fd0e737') in 0.086489 seconds
  Import took 0.090204 seconds .

========================================================================
Received Prepare
Registering precompiled user dll's ...
Registered in 0.001689 seconds.
Begin MonoManager ReloadAssembly
Native extension for WindowsStandalone target not found
Refreshing native plugins compatible for Editor in 0.37 ms, found 0 plugins.
Preloading 0 native plugins for Editor in 0.00 ms.
Mono: successfully reloaded assembly
- Completed reload, in  1.366 seconds
Platform modules already initialized, skipping
Switching build target platform(19) subTarget(0) extendedPlatform(0) -> platform(13) subTarget(524288) extendedPlatform(0)
Refreshing native plugins compatible for Editor in 0.37 ms, found 0 plugins.
Preloading 0 native plugins for Editor in 0.00 ms.
Unloading 1460 Unused Serialized files (Serialized files now loaded: 0)
System memory in use before: 70.6 MB.
System memory in use after: 70.7 MB.

Unloading 8 unused Assets to reduce memory usage. Loaded Objects now: 1954.
Total: 2.395000 ms (FindLiveObjects: 0.232300 ms CreateObjectMapping: 0.071000 ms MarkObjects: 2.005200 ms  DeleteObjects: 0.084400 ms)

AssetImportParameters requested are different than current active one (requested -> active):
  custom:graphics/normal-map-encoding: 01000000000000000000000000000000 -> 02000000000000000000000000000000
========================================================================
Received Prepare
Registering precompiled user dll's ...
Registered in 0.001266 seconds.
Begin MonoManager ReloadAssembly
Native extension for WindowsStandalone target not found
Refreshing native plugins compatible for Editor in 0.38 ms, found 0 plugins.
Preloading 0 native plugins for Editor in 0.00 ms.
Mono: successfully reloaded assembly
- Completed reload, in  1.323 seconds
Platform modules already initialized, skipping
Switching build target platform(19) subTarget(0) extendedPlatform(0) -> platform(13) subTarget(524288) extendedPlatform(0)
Refreshing native plugins compatible for Editor in 0.38 ms, found 0 plugins.
Preloading 0 native plugins for Editor in 0.00 ms.
Unloading 1460 Unused Serialized files (Serialized files now loaded: 0)
System memory in use before: 70.6 MB.
System memory in use after: 70.7 MB.

Unloading 7 unused Assets to reduce memory usage. Loaded Objects now: 1958.
Total: 2.926600 ms (FindLiveObjects: 0.313000 ms CreateObjectMapping: 0.135400 ms MarkObjects: 2.381300 ms  DeleteObjects: 0.094400 ms)

AssetImportParameters requested are different than current active one (requested -> active):
  custom:graphics/normal-map-encoding: 01000000000000000000000000000000 -> 02000000000000000000000000000000
========================================================================
Received Prepare
Registering precompiled user dll's ...
Registered in 0.001074 seconds.
Begin MonoManager ReloadAssembly
Native extension for WindowsStandalone target not found
Refreshing native plugins compatible for Editor in 0.38 ms, found 0 plugins.
Preloading 0 native plugins for Editor in 0.00 ms.
Mono: successfully reloaded assembly
- Completed reload, in  1.300 seconds
Platform modules already initialized, skipping
Switching build target platform(19) subTarget(0) extendedPlatform(0) -> platform(13) subTarget(524288) extendedPlatform(0)
Refreshing native plugins compatible for Editor in 0.36 ms, found 0 plugins.
Preloading 0 native plugins for Editor in 0.00 ms.
Unloading 1460 Unused Serialized files (Serialized files now loaded: 0)
System memory in use before: 70.6 MB.
System memory in use after: 70.7 MB.

Unloading 7 unused Assets to reduce memory usage. Loaded Objects now: 1962.
Total: 2.383700 ms (FindLiveObjects: 0.186700 ms CreateObjectMapping: 0.070700 ms MarkObjects: 2.040700 ms  DeleteObjects: 0.083700 ms)

AssetImportParameters requested are different than current active one (requested -> active):
  custom:graphics/normal-map-encoding: 01000000000000000000000000000000 -> 02000000000000000000000000000000
========================================================================
Received Import Request.
  Time since last request: 2867.537482 seconds.
  path: Assets/Prefabs/Sphere.prefab
  artifactKey: Guid(f94fcbb465391bf47b6c762a09aa8e2b) Importer(815301076,1909f56bfc062723c751e8b465ee728b)
Start importing Assets/Prefabs/Sphere.prefab using Guid(f94fcbb465391bf47b6c762a09aa8e2b) Importer(815301076,1909f56bfc062723c751e8b465ee728b)  -> (artifact id: '39d656d504f765828554aa5c19df4c41') in 0.082977 seconds
  Import took 0.086258 seconds .

========================================================================
Received Prepare
Registering precompiled user dll's ...
Registered in 0.001734 seconds.
Begin MonoManager ReloadAssembly
Native extension for WindowsStandalone target not found
Refreshing native plugins compatible for Editor in 0.38 ms, found 0 plugins.
Preloading 0 native plugins for Editor in 0.00 ms.
Mono: successfully reloaded assembly
- Completed reload, in  1.377 seconds
Platform modules already initialized, skipping
Switching build target platform(19) subTarget(0) extendedPlatform(0) -> platform(13) subTarget(524288) extendedPlatform(0)
Refreshing native plugins compatible for Editor in 0.37 ms, found 0 plugins.
Preloading 0 native plugins for Editor in 0.00 ms.
Unloading 1460 Unused Serialized files (Serialized files now loaded: 0)
System memory in use before: 70.7 MB.
System memory in use after: 70.7 MB.

Unloading 8 unused Assets to reduce memory usage. Loaded Objects now: 1967.
Total: 2.293200 ms (FindLiveObjects: 0.182100 ms CreateObjectMapping: 0.068300 ms MarkObjects: 1.932800 ms  DeleteObjects: 0.108200 ms)

AssetImportParameters requested are different than current active one (requested -> active):
  custom:graphics/normal-map-encoding: 01000000000000000000000000000000 -> 02000000000000000000000000000000
========================================================================
Received Prepare
Registering precompiled user dll's ...
Registered in 0.001056 seconds.
Begin MonoManager ReloadAssembly
Native extension for WindowsStandalone target not found
Refreshing native plugins compatible for Editor in 0.60 ms, found 0 plugins.
Preloading 0 native plugins for Editor in 0.00 ms.
Mono: successfully reloaded assembly
- Completed reload, in  1.536 seconds
Platform modules already initialized, skipping
Switching build target platform(19) subTarget(0) extendedPlatform(0) -> platform(13) subTarget(524288) extendedPlatform(0)
Refreshing native plugins compatible for Editor in 0.39 ms, found 0 plugins.
Preloading 0 native plugins for Editor in 0.00 ms.
Unloading 1460 Unused Serialized files (Serialized files now loaded: 0)
System memory in use before: 70.7 MB.
System memory in use after: 70.7 MB.

Unloading 7 unused Assets to reduce memory usage. Loaded Objects now: 1971.
Total: 3.523800 ms (FindLiveObjects: 0.223600 ms CreateObjectMapping: 0.090400 ms MarkObjects: 3.094900 ms  DeleteObjects: 0.112300 ms)

AssetImportParameters requested are different than current active one (requested -> active):
  custom:graphics/normal-map-encoding: 01000000000000000000000000000000 -> 02000000000000000000000000000000
========================================================================
Received Import Request.
  Time since last request: 117.761549 seconds.
  path: Assets/Prefabs/Sphere.prefab
  artifactKey: Guid(f94fcbb465391bf47b6c762a09aa8e2b) Importer(815301076,1909f56bfc062723c751e8b465ee728b)
Start importing Assets/Prefabs/Sphere.prefab using Guid(f94fcbb465391bf47b6c762a09aa8e2b) Importer(815301076,1909f56bfc062723c751e8b465ee728b)  -> (artifact id: 'ca7146b31ece0329880488e7aa80d94e') in 0.083538 seconds
  Import took 0.086945 seconds .

========================================================================
Received Import Request.
  Time since last request: 3.587869 seconds.
  path: Assets/Prefabs/Sphere.prefab
  artifactKey: Guid(f94fcbb465391bf47b6c762a09aa8e2b) Importer(815301076,1909f56bfc062723c751e8b465ee728b)
Start importing Assets/Prefabs/Sphere.prefab using Guid(f94fcbb465391bf47b6c762a09aa8e2b) Importer(815301076,1909f56bfc062723c751e8b465ee728b)  -> (artifact id: '8e8c011bc411b585a80bc213d903254b') in 0.011891 seconds
  Import took 0.015141 seconds .

========================================================================
Received Import Request.
  Time since last request: 0.023341 seconds.
  path: Assets/Prefabs/Sphere.prefab
  artifactKey: Guid(f94fcbb465391bf47b6c762a09aa8e2b) Importer(815301076,1909f56bfc062723c751e8b465ee728b)
Start importing Assets/Prefabs/Sphere.prefab using Guid(f94fcbb465391bf47b6c762a09aa8e2b) Importer(815301076,1909f56bfc062723c751e8b465ee728b)  -> (artifact id: '8e8c011bc411b585a80bc213d903254b') in 0.011925 seconds
  Import took 0.015584 seconds .

========================================================================
Received Import Request.
  Time since last request: 1.960357 seconds.
  path: Assets/Prefabs/Sphere.prefab
  artifactKey: Guid(f94fcbb465391bf47b6c762a09aa8e2b) Importer(815301076,1909f56bfc062723c751e8b465ee728b)
Start importing Assets/Prefabs/Sphere.prefab using Guid(f94fcbb465391bf47b6c762a09aa8e2b) Importer(815301076,1909f56bfc062723c751e8b465ee728b)  -> (artifact id: '259fdf74117f28e184078cc169489838') in 0.012244 seconds
  Import took 0.015483 seconds .

========================================================================
Received Import Request.
  Time since last request: 0.026056 seconds.
  path: Assets/Prefabs/Sphere.prefab
  artifactKey: Guid(f94fcbb465391bf47b6c762a09aa8e2b) Importer(815301076,1909f56bfc062723c751e8b465ee728b)
Start importing Assets/Prefabs/Sphere.prefab using Guid(f94fcbb465391bf47b6c762a09aa8e2b) Importer(815301076,1909f56bfc062723c751e8b465ee728b)  -> (artifact id: '259fdf74117f28e184078cc169489838') in 0.012157 seconds
  Import took 0.016459 seconds .

========================================================================
Received Prepare
Registering precompiled user dll's ...
Registered in 0.001090 seconds.
Begin MonoManager ReloadAssembly
Native extension for WindowsStandalone target not found
Refreshing native plugins compatible for Editor in 0.39 ms, found 0 plugins.
Preloading 0 native plugins for Editor in 0.00 ms.
Mono: successfully reloaded assembly
- Completed reload, in  1.578 seconds
Platform modules already initialized, skipping
Switching build target platform(19) subTarget(0) extendedPlatform(0) -> platform(13) subTarget(524288) extendedPlatform(0)
Refreshing native plugins compatible for Editor in 0.36 ms, found 0 plugins.
Preloading 0 native plugins for Editor in 0.00 ms.
Unloading 1460 Unused Serialized files (Serialized files now loaded: 0)
System memory in use before: 70.7 MB.
System memory in use after: 70.8 MB.

Unloading 8 unused Assets to reduce memory usage. Loaded Objects now: 1976.
Total: 2.679000 ms (FindLiveObjects: 0.255300 ms CreateObjectMapping: 0.082200 ms MarkObjects: 2.250000 ms  DeleteObjects: 0.089300 ms)

AssetImportParameters requested are different than current active one (requested -> active):
  custom:graphics/normal-map-encoding: 01000000000000000000000000000000 -> 02000000000000000000000000000000
========================================================================
Received Import Request.
  Time since last request: 14.248697 seconds.
  path: Assets/Prefabs/Sphere.prefab
  artifactKey: Guid(f94fcbb465391bf47b6c762a09aa8e2b) Importer(815301076,1909f56bfc062723c751e8b465ee728b)
Start importing Assets/Prefabs/Sphere.prefab using Guid(f94fcbb465391bf47b6c762a09aa8e2b) Importer(815301076,1909f56bfc062723c751e8b465ee728b)  -> (artifact id: '854ff78587e7bd9ff8f9dfd7c934a2e3') in 0.078589 seconds
  Import took 0.081739 seconds .

========================================================================
Received Import Request.
  Time since last request: 0.023595 seconds.
  path: Assets/Prefabs/Sphere.prefab
  artifactKey: Guid(f94fcbb465391bf47b6c762a09aa8e2b) Importer(815301076,1909f56bfc062723c751e8b465ee728b)
Start importing Assets/Prefabs/Sphere.prefab using Guid(f94fcbb465391bf47b6c762a09aa8e2b) Importer(815301076,1909f56bfc062723c751e8b465ee728b)  -> (artifact id: '854ff78587e7bd9ff8f9dfd7c934a2e3') in 0.011114 seconds
  Import took 0.014894 seconds .

========================================================================
Received Prepare
Registering precompiled user dll's ...
Registered in 0.001234 seconds.
Begin MonoManager ReloadAssembly
Native extension for WindowsStandalone target not found
Refreshing native plugins compatible for Editor in 0.36 ms, found 0 plugins.
Preloading 0 native plugins for Editor in 0.00 ms.
Mono: successfully reloaded assembly
- Completed reload, in  1.432 seconds
Platform modules already initialized, skipping
Switching build target platform(19) subTarget(0) extendedPlatform(0) -> platform(13) subTarget(524288) extendedPlatform(0)
Refreshing native plugins compatible for Editor in 0.37 ms, found 0 plugins.
Preloading 0 native plugins for Editor in 0.00 ms.
Unloading 1460 Unused Serialized files (Serialized files now loaded: 0)
System memory in use before: 70.7 MB.
System memory in use after: 70.8 MB.

Unloading 8 unused Assets to reduce memory usage. Loaded Objects now: 1981.
Total: 2.754300 ms (FindLiveObjects: 0.217500 ms CreateObjectMapping: 0.098200 ms MarkObjects: 2.340300 ms  DeleteObjects: 0.095800 ms)

AssetImportParameters requested are different than current active one (requested -> active):
  custom:graphics/normal-map-encoding: 01000000000000000000000000000000 -> 02000000000000000000000000000000
========================================================================
Received Import Request.
  Time since last request: 15.985585 seconds.
  path: Assets/Prefabs/Sphere.prefab
  artifactKey: Guid(f94fcbb465391bf47b6c762a09aa8e2b) Importer(815301076,1909f56bfc062723c751e8b465ee728b)
Start importing Assets/Prefabs/Sphere.prefab using Guid(f94fcbb465391bf47b6c762a09aa8e2b) Importer(815301076,1909f56bfc062723c751e8b465ee728b)  -> (artifact id: '5686abc555d926595bd2acf9cf108051') in 0.082564 seconds
  Import took 0.085777 seconds .

========================================================================
Received Import Request.
  Time since last request: 1.871255 seconds.
  path: Assets/Prefabs/Sphere.prefab
  artifactKey: Guid(f94fcbb465391bf47b6c762a09aa8e2b) Importer(815301076,1909f56bfc062723c751e8b465ee728b)
Start importing Assets/Prefabs/Sphere.prefab using Guid(f94fcbb465391bf47b6c762a09aa8e2b) Importer(815301076,1909f56bfc062723c751e8b465ee728b)  -> (artifact id: '5686abc555d926595bd2acf9cf108051') in 0.011506 seconds
  Import took 0.014745 seconds .

========================================================================
Received Prepare
Registering precompiled user dll's ...
Registered in 0.001098 seconds.
Begin MonoManager ReloadAssembly
Native extension for WindowsStandalone target not found
Refreshing native plugins compatible for Editor in 0.37 ms, found 0 plugins.
Preloading 0 native plugins for Editor in 0.00 ms.
Mono: successfully reloaded assembly
- Completed reload, in  1.351 seconds
Platform modules already initialized, skipping
Switching build target platform(19) subTarget(0) extendedPlatform(0) -> platform(13) subTarget(524288) extendedPlatform(0)
Refreshing native plugins compatible for Editor in 0.36 ms, found 0 plugins.
Preloading 0 native plugins for Editor in 0.00 ms.
Unloading 1460 Unused Serialized files (Serialized files now loaded: 0)
System memory in use before: 70.7 MB.
System memory in use after: 70.8 MB.

Unloading 8 unused Assets to reduce memory usage. Loaded Objects now: 1986.
Total: 2.395900 ms (FindLiveObjects: 0.188500 ms CreateObjectMapping: 0.069300 ms MarkObjects: 2.042000 ms  DeleteObjects: 0.093500 ms)

AssetImportParameters requested are different than current active one (requested -> active):
  custom:graphics/normal-map-encoding: 01000000000000000000000000000000 -> 02000000000000000000000000000000
========================================================================
Received Import Request.
  Time since last request: 20.030580 seconds.
  path: Assets/Prefabs/Sphere.prefab
  artifactKey: Guid(f94fcbb465391bf47b6c762a09aa8e2b) Importer(815301076,1909f56bfc062723c751e8b465ee728b)
Start importing Assets/Prefabs/Sphere.prefab using Guid(f94fcbb465391bf47b6c762a09aa8e2b) Importer(815301076,1909f56bfc062723c751e8b465ee728b)  -> (artifact id: '49575de46a6dc15bbfc7e784397a8c6c') in 0.075054 seconds
  Import took 0.078003 seconds .

========================================================================
Received Import Request.
  Time since last request: 0.304897 seconds.
  path: Assets/Prefabs/Sphere.prefab
  artifactKey: Guid(f94fcbb465391bf47b6c762a09aa8e2b) Importer(815301076,1909f56bfc062723c751e8b465ee728b)
Start importing Assets/Prefabs/Sphere.prefab using Guid(f94fcbb465391bf47b6c762a09aa8e2b) Importer(815301076,1909f56bfc062723c751e8b465ee728b)  -> (artifact id: '0232478a505ef8b0f0f336c3ef38e68a') in 0.015369 seconds
  Import took 0.019126 seconds .

========================================================================
Received Import Request.
  Time since last request: 0.016952 seconds.
  path: Assets/Prefabs/Sphere.prefab
  artifactKey: Guid(f94fcbb465391bf47b6c762a09aa8e2b) Importer(815301076,1909f56bfc062723c751e8b465ee728b)
Start importing Assets/Prefabs/Sphere.prefab using Guid(f94fcbb465391bf47b6c762a09aa8e2b) Importer(815301076,1909f56bfc062723c751e8b465ee728b)  -> (artifact id: '0232478a505ef8b0f0f336c3ef38e68a') in 0.012314 seconds
  Import took 0.015517 seconds .

========================================================================
Received Prepare
Registering precompiled user dll's ...
Registered in 0.001101 seconds.
Begin MonoManager ReloadAssembly
Native extension for WindowsStandalone target not found
Refreshing native plugins compatible for Editor in 0.38 ms, found 0 plugins.
Preloading 0 native plugins for Editor in 0.00 ms.
Mono: successfully reloaded assembly
- Completed reload, in  1.391 seconds
Platform modules already initialized, skipping
Switching build target platform(19) subTarget(0) extendedPlatform(0) -> platform(13) subTarget(524288) extendedPlatform(0)
Refreshing native plugins compatible for Editor in 0.41 ms, found 0 plugins.
Preloading 0 native plugins for Editor in 0.00 ms.
Unloading 1460 Unused Serialized files (Serialized files now loaded: 0)
System memory in use before: 70.8 MB.
System memory in use after: 70.8 MB.

Unloading 8 unused Assets to reduce memory usage. Loaded Objects now: 1991.
Total: 2.415800 ms (FindLiveObjects: 0.181100 ms CreateObjectMapping: 0.085300 ms MarkObjects: 2.063500 ms  DeleteObjects: 0.084100 ms)

AssetImportParameters requested are different than current active one (requested -> active):
  custom:graphics/normal-map-encoding: 01000000000000000000000000000000 -> 02000000000000000000000000000000
========================================================================
Received Import Request.
  Time since last request: 24.801599 seconds.
  path: Assets/Prefabs/Sphere.prefab
  artifactKey: Guid(f94fcbb465391bf47b6c762a09aa8e2b) Importer(815301076,1909f56bfc062723c751e8b465ee728b)
Start importing Assets/Prefabs/Sphere.prefab using Guid(f94fcbb465391bf47b6c762a09aa8e2b) Importer(815301076,1909f56bfc062723c751e8b465ee728b)  -> (artifact id: '3dfe35c4fb3834353ca412245f921243') in 0.083801 seconds
  Import took 0.087016 seconds .

========================================================================
Received Prepare
Registering precompiled user dll's ...
Registered in 0.001144 seconds.
Begin MonoManager ReloadAssembly
Native extension for WindowsStandalone target not found
Refreshing native plugins compatible for Editor in 0.39 ms, found 0 plugins.
Preloading 0 native plugins for Editor in 0.00 ms.
Mono: successfully reloaded assembly
- Completed reload, in  1.598 seconds
Platform modules already initialized, skipping
Switching build target platform(19) subTarget(0) extendedPlatform(0) -> platform(13) subTarget(524288) extendedPlatform(0)
Refreshing native plugins compatible for Editor in 0.40 ms, found 0 plugins.
Preloading 0 native plugins for Editor in 0.00 ms.
Unloading 1460 Unused Serialized files (Serialized files now loaded: 0)
System memory in use before: 70.8 MB.
System memory in use after: 70.8 MB.

Unloading 8 unused Assets to reduce memory usage. Loaded Objects now: 1996.
Total: 2.966100 ms (FindLiveObjects: 0.228000 ms CreateObjectMapping: 0.115000 ms MarkObjects: 2.516900 ms  DeleteObjects: 0.103700 ms)

AssetImportParameters requested are different than current active one (requested -> active):
  custom:graphics/normal-map-encoding: 01000000000000000000000000000000 -> 02000000000000000000000000000000
========================================================================
Received Prepare
Registering precompiled user dll's ...
Registered in 0.001120 seconds.
Begin MonoManager ReloadAssembly
Native extension for WindowsStandalone target not found
Refreshing native plugins compatible for Editor in 0.37 ms, found 0 plugins.
Preloading 0 native plugins for Editor in 0.00 ms.
Mono: successfully reloaded assembly
- Completed reload, in  1.403 seconds
Platform modules already initialized, skipping
Switching build target platform(19) subTarget(0) extendedPlatform(0) -> platform(13) subTarget(524288) extendedPlatform(0)
Refreshing native plugins compatible for Editor in 0.37 ms, found 0 plugins.
Preloading 0 native plugins for Editor in 0.00 ms.
Unloading 1460 Unused Serialized files (Serialized files now loaded: 0)
System memory in use before: 70.8 MB.
System memory in use after: 70.8 MB.

Unloading 7 unused Assets to reduce memory usage. Loaded Objects now: 2000.
Total: 2.396000 ms (FindLiveObjects: 0.198000 ms CreateObjectMapping: 0.081200 ms MarkObjects: 2.030600 ms  DeleteObjects: 0.084200 ms)

AssetImportParameters requested are different than current active one (requested -> active):
  custom:graphics/normal-map-encoding: 01000000000000000000000000000000 -> 02000000000000000000000000000000
========================================================================
Received Import Request.
  Time since last request: 175.780917 seconds.
  path: Assets/Prefabs/Sphere.prefab
  artifactKey: Guid(f94fcbb465391bf47b6c762a09aa8e2b) Importer(815301076,1909f56bfc062723c751e8b465ee728b)
Start importing Assets/Prefabs/Sphere.prefab using Guid(f94fcbb465391bf47b6c762a09aa8e2b) Importer(815301076,1909f56bfc062723c751e8b465ee728b)  -> (artifact id: '0da1ebb73b862c880849818387f9d4fc') in 0.093551 seconds
  Import took 0.096968 seconds .

========================================================================
Received Prepare
Registering precompiled user dll's ...
Registered in 0.001178 seconds.
Begin MonoManager ReloadAssembly
Native extension for WindowsStandalone target not found
Refreshing native plugins compatible for Editor in 0.38 ms, found 0 plugins.
Preloading 0 native plugins for Editor in 0.00 ms.
Mono: successfully reloaded assembly
- Completed reload, in  1.498 seconds
Platform modules already initialized, skipping
Switching build target platform(19) subTarget(0) extendedPlatform(0) -> platform(13) subTarget(524288) extendedPlatform(0)
Refreshing native plugins compatible for Editor in 0.43 ms, found 0 plugins.
Preloading 0 native plugins for Editor in 0.00 ms.
Unloading 1460 Unused Serialized files (Serialized files now loaded: 0)
System memory in use before: 70.8 MB.
System memory in use after: 70.8 MB.

Unloading 8 unused Assets to reduce memory usage. Loaded Objects now: 2005.
Total: 2.617800 ms (FindLiveObjects: 0.274000 ms CreateObjectMapping: 0.123100 ms MarkObjects: 2.126600 ms  DeleteObjects: 0.091800 ms)

AssetImportParameters requested are different than current active one (requested -> active):
  custom:graphics/normal-map-encoding: 01000000000000000000000000000000 -> 02000000000000000000000000000000
========================================================================
Received Import Request.
  Time since last request: 6.977868 seconds.
  path: Assets/Prefabs/Sphere.prefab
  artifactKey: Guid(f94fcbb465391bf47b6c762a09aa8e2b) Importer(815301076,1909f56bfc062723c751e8b465ee728b)
Start importing Assets/Prefabs/Sphere.prefab using Guid(f94fcbb465391bf47b6c762a09aa8e2b) Importer(815301076,1909f56bfc062723c751e8b465ee728b)  -> (artifact id: '57387cece28f9033e4208d3157e8c523') in 0.085951 seconds
  Import took 0.089131 seconds .

========================================================================
Received Import Request.
  Time since last request: 21.640339 seconds.
  path: Assets/Prefabs/Sphere.prefab
  artifactKey: Guid(f94fcbb465391bf47b6c762a09aa8e2b) Importer(815301076,1909f56bfc062723c751e8b465ee728b)
Start importing Assets/Prefabs/Sphere.prefab using Guid(f94fcbb465391bf47b6c762a09aa8e2b) Importer(815301076,1909f56bfc062723c751e8b465ee728b)  -> (artifact id: 'd8c3dab67cc35617a9c02901d6709d8c') in 0.015499 seconds
  Import took 0.018635 seconds .

========================================================================
Received Prepare
Registering precompiled user dll's ...
Registered in 0.001129 seconds.
Begin MonoManager ReloadAssembly
Native extension for WindowsStandalone target not found
Refreshing native plugins compatible for Editor in 0.38 ms, found 0 plugins.
Preloading 0 native plugins for Editor in 0.00 ms.
Mono: successfully reloaded assembly
- Completed reload, in  1.524 seconds
Platform modules already initialized, skipping
Switching build target platform(19) subTarget(0) extendedPlatform(0) -> platform(13) subTarget(524288) extendedPlatform(0)
Refreshing native plugins compatible for Editor in 0.36 ms, found 0 plugins.
Preloading 0 native plugins for Editor in 0.00 ms.
Unloading 1460 Unused Serialized files (Serialized files now loaded: 0)
System memory in use before: 70.8 MB.
System memory in use after: 70.9 MB.

Unloading 8 unused Assets to reduce memory usage. Loaded Objects now: 2010.
Total: 2.488700 ms (FindLiveObjects: 0.208200 ms CreateObjectMapping: 0.067900 ms MarkObjects: 2.116300 ms  DeleteObjects: 0.094300 ms)

AssetImportParameters requested are different than current active one (requested -> active):
  custom:graphics/normal-map-encoding: 01000000000000000000000000000000 -> 02000000000000000000000000000000
========================================================================
Received Prepare
Registering precompiled user dll's ...
Registered in 0.001714 seconds.
Begin MonoManager ReloadAssembly
Native extension for WindowsStandalone target not found
Refreshing native plugins compatible for Editor in 0.61 ms, found 0 plugins.
Preloading 0 native plugins for Editor in 0.00 ms.
Mono: successfully reloaded assembly
- Completed reload, in  1.530 seconds
Platform modules already initialized, skipping
Switching build target platform(19) subTarget(0) extendedPlatform(0) -> platform(13) subTarget(524288) extendedPlatform(0)
Refreshing native plugins compatible for Editor in 0.37 ms, found 0 plugins.
Preloading 0 native plugins for Editor in 0.00 ms.
Unloading 1460 Unused Serialized files (Serialized files now loaded: 0)
System memory in use before: 70.8 MB.
System memory in use after: 70.9 MB.

Unloading 7 unused Assets to reduce memory usage. Loaded Objects now: 2014.
Total: 2.331900 ms (FindLiveObjects: 0.183000 ms CreateObjectMapping: 0.067200 ms MarkObjects: 1.988600 ms  DeleteObjects: 0.091300 ms)

AssetImportParameters requested are different than current active one (requested -> active):
  custom:graphics/normal-map-encoding: 01000000000000000000000000000000 -> 02000000000000000000000000000000
========================================================================
Received Prepare
Registering precompiled user dll's ...
Registered in 0.001132 seconds.
Begin MonoManager ReloadAssembly
Native extension for WindowsStandalone target not found
Refreshing native plugins compatible for Editor in 0.38 ms, found 0 plugins.
Preloading 0 native plugins for Editor in 0.00 ms.
Mono: successfully reloaded assembly
- Completed reload, in  1.567 seconds
Platform modules already initialized, skipping
Switching build target platform(19) subTarget(0) extendedPlatform(0) -> platform(13) subTarget(524288) extendedPlatform(0)
Refreshing native plugins compatible for Editor in 0.48 ms, found 0 plugins.
Preloading 0 native plugins for Editor in 0.00 ms.
Unloading 1460 Unused Serialized files (Serialized files now loaded: 0)
System memory in use before: 70.8 MB.
System memory in use after: 70.9 MB.

Unloading 7 unused Assets to reduce memory usage. Loaded Objects now: 2018.
Total: 2.445200 ms (FindLiveObjects: 0.187100 ms CreateObjectMapping: 0.069200 ms MarkObjects: 2.102100 ms  DeleteObjects: 0.085000 ms)

AssetImportParameters requested are different than current active one (requested -> active):
  custom:graphics/normal-map-encoding: 01000000000000000000000000000000 -> 02000000000000000000000000000000
========================================================================
Received Prepare
Registering precompiled user dll's ...
Registered in 0.001083 seconds.
Begin MonoManager ReloadAssembly
Native extension for WindowsStandalone target not found
Refreshing native plugins compatible for Editor in 0.39 ms, found 0 plugins.
Preloading 0 native plugins for Editor in 0.00 ms.
Mono: successfully reloaded assembly
- Completed reload, in  1.619 seconds
Platform modules already initialized, skipping
Switching build target platform(19) subTarget(0) extendedPlatform(0) -> platform(13) subTarget(524288) extendedPlatform(0)
Refreshing native plugins compatible for Editor in 0.37 ms, found 0 plugins.
Preloading 0 native plugins for Editor in 0.00 ms.
Unloading 1460 Unused Serialized files (Serialized files now loaded: 0)
System memory in use before: 70.8 MB.
System memory in use after: 70.9 MB.

Unloading 7 unused Assets to reduce memory usage. Loaded Objects now: 2022.
Total: 2.466800 ms (FindLiveObjects: 0.217100 ms CreateObjectMapping: 0.070500 ms MarkObjects: 2.084900 ms  DeleteObjects: 0.092200 ms)

AssetImportParameters requested are different than current active one (requested -> active):
  custom:graphics/normal-map-encoding: 01000000000000000000000000000000 -> 02000000000000000000000000000000
========================================================================
Received Prepare
Registering precompiled user dll's ...
Registered in 0.001126 seconds.
Begin MonoManager ReloadAssembly
Native extension for WindowsStandalone target not found
Refreshing native plugins compatible for Editor in 0.42 ms, found 0 plugins.
Preloading 0 native plugins for Editor in 0.00 ms.
Mono: successfully reloaded assembly
- Completed reload, in  1.621 seconds
Platform modules already initialized, skipping
Switching build target platform(19) subTarget(0) extendedPlatform(0) -> platform(13) subTarget(524288) extendedPlatform(0)
Refreshing native plugins compatible for Editor in 0.37 ms, found 0 plugins.
Preloading 0 native plugins for Editor in 0.00 ms.
Unloading 1460 Unused Serialized files (Serialized files now loaded: 0)
System memory in use before: 70.8 MB.
System memory in use after: 70.9 MB.

Unloading 7 unused Assets to reduce memory usage. Loaded Objects now: 2026.
Total: 2.520700 ms (FindLiveObjects: 0.211900 ms CreateObjectMapping: 0.071900 ms MarkObjects: 2.135300 ms  DeleteObjects: 0.099300 ms)

AssetImportParameters requested are different than current active one (requested -> active):
  custom:graphics/normal-map-encoding: 01000000000000000000000000000000 -> 02000000000000000000000000000000
========================================================================
Received Prepare
Registering precompiled user dll's ...
Registered in 0.001102 seconds.
Begin MonoManager ReloadAssembly
Native extension for WindowsStandalone target not found
Refreshing native plugins compatible for Editor in 0.37 ms, found 0 plugins.
Preloading 0 native plugins for Editor in 0.00 ms.
Mono: successfully reloaded assembly
- Completed reload, in  1.486 seconds
Platform modules already initialized, skipping
Switching build target platform(19) subTarget(0) extendedPlatform(0) -> platform(13) subTarget(524288) extendedPlatform(0)
Refreshing native plugins compatible for Editor in 0.37 ms, found 0 plugins.
Preloading 0 native plugins for Editor in 0.00 ms.
Unloading 1460 Unused Serialized files (Serialized files now loaded: 0)
System memory in use before: 70.8 MB.
System memory in use after: 70.9 MB.

Unloading 7 unused Assets to reduce memory usage. Loaded Objects now: 2030.
Total: 2.701900 ms (FindLiveObjects: 0.244700 ms CreateObjectMapping: 0.114300 ms MarkObjects: 2.257400 ms  DeleteObjects: 0.083600 ms)

AssetImportParameters requested are different than current active one (requested -> active):
  custom:graphics/normal-map-encoding: 01000000000000000000000000000000 -> 02000000000000000000000000000000
========================================================================
Received Import Request.
  Time since last request: 2452.385343 seconds.
  path: Assets/Prefabs/balloon2.prefab
  artifactKey: Guid(5b9552ce0d3aba54ba9e18e4e3455d72) Importer(815301076,1909f56bfc062723c751e8b465ee728b)
Start importing Assets/Prefabs/balloon2.prefab using Guid(5b9552ce0d3aba54ba9e18e4e3455d72) Importer(815301076,1909f56bfc062723c751e8b465ee728b)  -> (artifact id: 'd113fb53002f9224f702a7a55f054ed8') in 0.103282 seconds
  Import took 0.106814 seconds .

========================================================================
Received Import Request.
  Time since last request: 0.000372 seconds.
  path: Assets/Prefabs/balloon1.prefab
  artifactKey: Guid(4892e8441ebfabf489b993851554c5cd) Importer(815301076,1909f56bfc062723c751e8b465ee728b)
Start importing Assets/Prefabs/balloon1.prefab using Guid(4892e8441ebfabf489b993851554c5cd) Importer(815301076,1909f56bfc062723c751e8b465ee728b)  -> (artifact id: '4a593dbda511cffb48f0b64d944e148f') in 0.021982 seconds
  Import took 0.026164 seconds .

========================================================================
Received Import Request.
  Time since last request: 0.000403 seconds.
  path: Assets/Prefabs/Sphere.prefab
  artifactKey: Guid(f94fcbb465391bf47b6c762a09aa8e2b) Importer(815301076,1909f56bfc062723c751e8b465ee728b)
Start importing Assets/Prefabs/Sphere.prefab using Guid(f94fcbb465391bf47b6c762a09aa8e2b) Importer(815301076,1909f56bfc062723c751e8b465ee728b)  -> (artifact id: 'd3e10c4562a7bf17e01d1f25d1408ea5') in 0.015023 seconds
  Import took 0.018682 seconds .

========================================================================
Received Import Request.
  Time since last request: 0.000317 seconds.
  path: Assets/Prefabs/balloon3.prefab
  artifactKey: Guid(4d0006e9807338a49a3a6768a72fb7d2) Importer(815301076,1909f56bfc062723c751e8b465ee728b)
Start importing Assets/Prefabs/balloon3.prefab using Guid(4d0006e9807338a49a3a6768a72fb7d2) Importer(815301076,1909f56bfc062723c751e8b465ee728b)  -> (artifact id: 'd563241cef7b0d7b60ca64a1f58be7e5') in 0.053600 seconds
  Import took 0.056642 seconds .

========================================================================
Received Prepare
Registering precompiled user dll's ...
Registered in 0.001132 seconds.
Begin MonoManager ReloadAssembly
Native extension for WindowsStandalone target not found
Refreshing native plugins compatible for Editor in 0.39 ms, found 0 plugins.
Preloading 0 native plugins for Editor in 0.00 ms.
Mono: successfully reloaded assembly
- Completed reload, in  1.663 seconds
Platform modules already initialized, skipping
Switching build target platform(19) subTarget(0) extendedPlatform(0) -> platform(13) subTarget(524288) extendedPlatform(0)
Refreshing native plugins compatible for Editor in 0.38 ms, found 0 plugins.
Preloading 0 native plugins for Editor in 0.00 ms.
Unloading 1460 Unused Serialized files (Serialized files now loaded: 0)
System memory in use before: 70.9 MB.
System memory in use after: 70.9 MB.

Unloading 8 unused Assets to reduce memory usage. Loaded Objects now: 2036.
Total: 2.708300 ms (FindLiveObjects: 0.218400 ms CreateObjectMapping: 0.075000 ms MarkObjects: 2.322100 ms  DeleteObjects: 0.090600 ms)

AssetImportParameters requested are different than current active one (requested -> active):
  custom:graphics/normal-map-encoding: 01000000000000000000000000000000 -> 02000000000000000000000000000000
========================================================================
Received Prepare
Registering precompiled user dll's ...
Registered in 0.001159 seconds.
Begin MonoManager ReloadAssembly
Native extension for WindowsStandalone target not found
Refreshing native plugins compatible for Editor in 0.38 ms, found 0 plugins.
Preloading 0 native plugins for Editor in 0.00 ms.
Mono: successfully reloaded assembly
- Completed reload, in  1.490 seconds
Platform modules already initialized, skipping
Switching build target platform(19) subTarget(0) extendedPlatform(0) -> platform(13) subTarget(524288) extendedPlatform(0)
Refreshing native plugins compatible for Editor in 0.36 ms, found 0 plugins.
Preloading 0 native plugins for Editor in 0.00 ms.
Unloading 1460 Unused Serialized files (Serialized files now loaded: 0)
System memory in use before: 70.9 MB.
System memory in use after: 70.9 MB.

Unloading 7 unused Assets to reduce memory usage. Loaded Objects now: 2040.
Total: 2.564700 ms (FindLiveObjects: 0.206200 ms CreateObjectMapping: 0.071100 ms MarkObjects: 2.202600 ms  DeleteObjects: 0.083000 ms)

AssetImportParameters requested are different than current active one (requested -> active):
  custom:graphics/normal-map-encoding: 01000000000000000000000000000000 -> 02000000000000000000000000000000
========================================================================
Received Prepare
Registering precompiled user dll's ...
Registered in 0.001147 seconds.
Begin MonoManager ReloadAssembly
Native extension for WindowsStandalone target not found
Refreshing native plugins compatible for Editor in 0.41 ms, found 0 plugins.
Preloading 0 native plugins for Editor in 0.00 ms.
Mono: successfully reloaded assembly
- Completed reload, in  1.676 seconds
Platform modules already initialized, skipping
Switching build target platform(19) subTarget(0) extendedPlatform(0) -> platform(13) subTarget(524288) extendedPlatform(0)
Refreshing native plugins compatible for Editor in 0.38 ms, found 0 plugins.
Preloading 0 native plugins for Editor in 0.00 ms.
Unloading 1460 Unused Serialized files (Serialized files now loaded: 0)
System memory in use before: 70.9 MB.
System memory in use after: 70.9 MB.

Unloading 7 unused Assets to reduce memory usage. Loaded Objects now: 2044.
Total: 2.487200 ms (FindLiveObjects: 0.220200 ms CreateObjectMapping: 0.071500 ms MarkObjects: 2.106900 ms  DeleteObjects: 0.086500 ms)

AssetImportParameters requested are different than current active one (requested -> active):
  custom:graphics/normal-map-encoding: 01000000000000000000000000000000 -> 02000000000000000000000000000000
========================================================================
Received Prepare
Registering precompiled user dll's ...
Registered in 0.001665 seconds.
Begin MonoManager ReloadAssembly
Native extension for WindowsStandalone target not found
Refreshing native plugins compatible for Editor in 0.37 ms, found 0 plugins.
Preloading 0 native plugins for Editor in 0.00 ms.
Mono: successfully reloaded assembly
- Completed reload, in  1.539 seconds
Platform modules already initialized, skipping
Switching build target platform(19) subTarget(0) extendedPlatform(0) -> platform(13) subTarget(524288) extendedPlatform(0)
Refreshing native plugins compatible for Editor in 0.38 ms, found 0 plugins.
Preloading 0 native plugins for Editor in 0.00 ms.
Unloading 1460 Unused Serialized files (Serialized files now loaded: 0)
System memory in use before: 70.9 MB.
System memory in use after: 70.9 MB.

Unloading 7 unused Assets to reduce memory usage. Loaded Objects now: 2048.
Total: 2.683900 ms (FindLiveObjects: 0.200300 ms CreateObjectMapping: 0.081900 ms MarkObjects: 2.316300 ms  DeleteObjects: 0.083400 ms)

AssetImportParameters requested are different than current active one (requested -> active):
  custom:graphics/normal-map-encoding: 01000000000000000000000000000000 -> 02000000000000000000000000000000
========================================================================
Received Prepare
Registering precompiled user dll's ...
Registered in 0.001575 seconds.
Begin MonoManager ReloadAssembly
Native extension for WindowsStandalone target not found
Refreshing native plugins compatible for Editor in 0.38 ms, found 0 plugins.
Preloading 0 native plugins for Editor in 0.00 ms.
Mono: successfully reloaded assembly
- Completed reload, in  1.887 seconds
Platform modules already initialized, skipping
Switching build target platform(19) subTarget(0) extendedPlatform(0) -> platform(13) subTarget(524288) extendedPlatform(0)
Refreshing native plugins compatible for Editor in 0.57 ms, found 0 plugins.
Preloading 0 native plugins for Editor in 0.00 ms.
Unloading 1460 Unused Serialized files (Serialized files now loaded: 0)
System memory in use before: 70.9 MB.
System memory in use after: 71.0 MB.

Unloading 7 unused Assets to reduce memory usage. Loaded Objects now: 2052.
Total: 2.590100 ms (FindLiveObjects: 0.224000 ms CreateObjectMapping: 0.071400 ms MarkObjects: 2.205600 ms  DeleteObjects: 0.087000 ms)

AssetImportParameters requested are different than current active one (requested -> active):
  custom:graphics/normal-map-encoding: 01000000000000000000000000000000 -> 02000000000000000000000000000000
========================================================================
Received Prepare
Registering precompiled user dll's ...
Registered in 0.001145 seconds.
Begin MonoManager ReloadAssembly
Native extension for WindowsStandalone target not found
Refreshing native plugins compatible for Editor in 0.37 ms, found 0 plugins.
Preloading 0 native plugins for Editor in 0.00 ms.
Mono: successfully reloaded assembly
- Completed reload, in  1.735 seconds
Platform modules already initialized, skipping
Switching build target platform(19) subTarget(0) extendedPlatform(0) -> platform(13) subTarget(524288) extendedPlatform(0)
Refreshing native plugins compatible for Editor in 0.38 ms, found 0 plugins.
Preloading 0 native plugins for Editor in 0.00 ms.
Unloading 1460 Unused Serialized files (Serialized files now loaded: 0)
System memory in use before: 70.9 MB.
System memory in use after: 71.0 MB.

Unloading 7 unused Assets to reduce memory usage. Loaded Objects now: 2056.
Total: 2.902900 ms (FindLiveObjects: 0.269700 ms CreateObjectMapping: 0.128500 ms MarkObjects: 2.413300 ms  DeleteObjects: 0.089100 ms)

AssetImportParameters requested are different than current active one (requested -> active):
  custom:graphics/normal-map-encoding: 01000000000000000000000000000000 -> 02000000000000000000000000000000
========================================================================
Received Prepare
Registering precompiled user dll's ...
Registered in 0.001672 seconds.
Begin MonoManager ReloadAssembly
Native extension for WindowsStandalone target not found
Refreshing native plugins compatible for Editor in 0.38 ms, found 0 plugins.
Preloading 0 native plugins for Editor in 0.00 ms.
Mono: successfully reloaded assembly
- Completed reload, in  1.582 seconds
Platform modules already initialized, skipping
Switching build target platform(19) subTarget(0) extendedPlatform(0) -> platform(13) subTarget(524288) extendedPlatform(0)
Refreshing native plugins compatible for Editor in 0.37 ms, found 0 plugins.
Preloading 0 native plugins for Editor in 0.00 ms.
Unloading 1460 Unused Serialized files (Serialized files now loaded: 0)
System memory in use before: 70.9 MB.
System memory in use after: 71.0 MB.

Unloading 7 unused Assets to reduce memory usage. Loaded Objects now: 2060.
Total: 2.373100 ms (FindLiveObjects: 0.192700 ms CreateObjectMapping: 0.070400 ms MarkObjects: 2.025900 ms  DeleteObjects: 0.082200 ms)

AssetImportParameters requested are different than current active one (requested -> active):
  custom:graphics/normal-map-encoding: 01000000000000000000000000000000 -> 02000000000000000000000000000000
========================================================================
Received Prepare
Registering precompiled user dll's ...
Registered in 0.001093 seconds.
Begin MonoManager ReloadAssembly
Native extension for WindowsStandalone target not found
Refreshing native plugins compatible for Editor in 0.38 ms, found 0 plugins.
Preloading 0 native plugins for Editor in 0.00 ms.
Mono: successfully reloaded assembly
- Completed reload, in  1.723 seconds
Platform modules already initialized, skipping
Switching build target platform(19) subTarget(0) extendedPlatform(0) -> platform(13) subTarget(524288) extendedPlatform(0)
Refreshing native plugins compatible for Editor in 0.37 ms, found 0 plugins.
Preloading 0 native plugins for Editor in 0.00 ms.
Unloading 1460 Unused Serialized files (Serialized files now loaded: 0)
System memory in use before: 70.9 MB.
System memory in use after: 71.0 MB.

Unloading 7 unused Assets to reduce memory usage. Loaded Objects now: 2064.
Total: 2.646800 ms (FindLiveObjects: 0.208300 ms CreateObjectMapping: 0.113200 ms MarkObjects: 2.199900 ms  DeleteObjects: 0.122800 ms)

AssetImportParameters requested are different than current active one (requested -> active):
  custom:graphics/normal-map-encoding: 01000000000000000000000000000000 -> 02000000000000000000000000000000
========================================================================
Received Prepare
Registering precompiled user dll's ...
Registered in 0.001124 seconds.
Begin MonoManager ReloadAssembly
Native extension for WindowsStandalone target not found
Refreshing native plugins compatible for Editor in 0.37 ms, found 0 plugins.
Preloading 0 native plugins for Editor in 0.00 ms.
Mono: successfully reloaded assembly
- Completed reload, in  1.586 seconds
Platform modules already initialized, skipping
Switching build target platform(19) subTarget(0) extendedPlatform(0) -> platform(13) subTarget(524288) extendedPlatform(0)
Refreshing native plugins compatible for Editor in 0.38 ms, found 0 plugins.
Preloading 0 native plugins for Editor in 0.00 ms.
Unloading 1460 Unused Serialized files (Serialized files now loaded: 0)
System memory in use before: 70.9 MB.
System memory in use after: 71.0 MB.

Unloading 7 unused Assets to reduce memory usage. Loaded Objects now: 2068.
Total: 2.583200 ms (FindLiveObjects: 0.207700 ms CreateObjectMapping: 0.072700 ms MarkObjects: 2.200100 ms  DeleteObjects: 0.100500 ms)

AssetImportParameters requested are different than current active one (requested -> active):
  custom:graphics/normal-map-encoding: 01000000000000000000000000000000 -> 02000000000000000000000000000000
========================================================================
Received Prepare
Registering precompiled user dll's ...
Registered in 0.001082 seconds.
Begin MonoManager ReloadAssembly
Native extension for WindowsStandalone target not found
Refreshing native plugins compatible for Editor in 0.37 ms, found 0 plugins.
Preloading 0 native plugins for Editor in 0.00 ms.
Mono: successfully reloaded assembly
- Completed reload, in  1.643 seconds
Platform modules already initialized, skipping
Switching build target platform(19) subTarget(0) extendedPlatform(0) -> platform(13) subTarget(524288) extendedPlatform(0)
Refreshing native plugins compatible for Editor in 0.37 ms, found 0 plugins.
Preloading 0 native plugins for Editor in 0.00 ms.
Unloading 1460 Unused Serialized files (Serialized files now loaded: 0)
System memory in use before: 70.9 MB.
System memory in use after: 71.0 MB.

Unloading 7 unused Assets to reduce memory usage. Loaded Objects now: 2072.
Total: 2.582900 ms (FindLiveObjects: 0.209000 ms CreateObjectMapping: 0.091600 ms MarkObjects: 2.202800 ms  DeleteObjects: 0.077500 ms)

AssetImportParameters requested are different than current active one (requested -> active):
  custom:graphics/normal-map-encoding: 01000000000000000000000000000000 -> 02000000000000000000000000000000
========================================================================
Received Prepare
Registering precompiled user dll's ...
Registered in 0.001112 seconds.
Begin MonoManager ReloadAssembly
Native extension for WindowsStandalone target not found
Refreshing native plugins compatible for Editor in 0.38 ms, found 0 plugins.
Preloading 0 native plugins for Editor in 0.00 ms.
Mono: successfully reloaded assembly
- Completed reload, in  1.770 seconds
Platform modules already initialized, skipping
Switching build target platform(19) subTarget(0) extendedPlatform(0) -> platform(13) subTarget(524288) extendedPlatform(0)
Refreshing native plugins compatible for Editor in 0.46 ms, found 0 plugins.
Preloading 0 native plugins for Editor in 0.00 ms.
Unloading 1460 Unused Serialized files (Serialized files now loaded: 0)
System memory in use before: 70.9 MB.
System memory in use after: 71.0 MB.

Unloading 7 unused Assets to reduce memory usage. Loaded Objects now: 2076.
Total: 3.555600 ms (FindLiveObjects: 0.237300 ms CreateObjectMapping: 0.077000 ms MarkObjects: 3.122600 ms  DeleteObjects: 0.116000 ms)

AssetImportParameters requested are different than current active one (requested -> active):
  custom:graphics/normal-map-encoding: 01000000000000000000000000000000 -> 02000000000000000000000000000000
========================================================================
Received Prepare
Registering precompiled user dll's ...
Registered in 0.001115 seconds.
Begin MonoManager ReloadAssembly
Native extension for WindowsStandalone target not found
Refreshing native plugins compatible for Editor in 0.39 ms, found 0 plugins.
Preloading 0 native plugins for Editor in 0.00 ms.
Mono: successfully reloaded assembly
- Completed reload, in  1.770 seconds
Platform modules already initialized, skipping
Switching build target platform(19) subTarget(0) extendedPlatform(0) -> platform(13) subTarget(524288) extendedPlatform(0)
Refreshing native plugins compatible for Editor in 0.38 ms, found 0 plugins.
Preloading 0 native plugins for Editor in 0.00 ms.
Unloading 1460 Unused Serialized files (Serialized files now loaded: 0)
System memory in use before: 70.9 MB.
System memory in use after: 71.0 MB.

Unloading 7 unused Assets to reduce memory usage. Loaded Objects now: 2080.
Total: 2.422600 ms (FindLiveObjects: 0.209900 ms CreateObjectMapping: 0.082100 ms MarkObjects: 2.044600 ms  DeleteObjects: 0.084200 ms)

AssetImportParameters requested are different than current active one (requested -> active):
  custom:graphics/normal-map-encoding: 01000000000000000000000000000000 -> 02000000000000000000000000000000
========================================================================
Received Prepare
Registering precompiled user dll's ...
Registered in 0.001103 seconds.
Begin MonoManager ReloadAssembly
Native extension for WindowsStandalone target not found
Refreshing native plugins compatible for Editor in 0.38 ms, found 0 plugins.
Preloading 0 native plugins for Editor in 0.00 ms.
Mono: successfully reloaded assembly
- Completed reload, in  1.617 seconds
Platform modules already initialized, skipping
Switching build target platform(19) subTarget(0) extendedPlatform(0) -> platform(13) subTarget(524288) extendedPlatform(0)
Refreshing native plugins compatible for Editor in 0.38 ms, found 0 plugins.
Preloading 0 native plugins for Editor in 0.00 ms.
Unloading 1460 Unused Serialized files (Serialized files now loaded: 0)
System memory in use before: 70.9 MB.
System memory in use after: 71.0 MB.

Unloading 7 unused Assets to reduce memory usage. Loaded Objects now: 2084.
Total: 2.453400 ms (FindLiveObjects: 0.191700 ms CreateObjectMapping: 0.069200 ms MarkObjects: 2.085800 ms  DeleteObjects: 0.104400 ms)

AssetImportParameters requested are different than current active one (requested -> active):
  custom:graphics/normal-map-encoding: 01000000000000000000000000000000 -> 02000000000000000000000000000000
========================================================================
Received Prepare
Registering precompiled user dll's ...
Registered in 0.001143 seconds.
Begin MonoManager ReloadAssembly
Native extension for WindowsStandalone target not found
Refreshing native plugins compatible for Editor in 0.52 ms, found 0 plugins.
Preloading 0 native plugins for Editor in 0.00 ms.
Mono: successfully reloaded assembly
- Completed reload, in  1.793 seconds
Platform modules already initialized, skipping
Switching build target platform(19) subTarget(0) extendedPlatform(0) -> platform(13) subTarget(524288) extendedPlatform(0)
Refreshing native plugins compatible for Editor in 0.37 ms, found 0 plugins.
Preloading 0 native plugins for Editor in 0.00 ms.
Unloading 1460 Unused Serialized files (Serialized files now loaded: 0)
System memory in use before: 71.0 MB.
System memory in use after: 71.0 MB.

Unloading 7 unused Assets to reduce memory usage. Loaded Objects now: 2088.
Total: 2.615200 ms (FindLiveObjects: 0.220100 ms CreateObjectMapping: 0.079400 ms MarkObjects: 2.224000 ms  DeleteObjects: 0.089800 ms)

AssetImportParameters requested are different than current active one (requested -> active):
  custom:graphics/normal-map-encoding: 01000000000000000000000000000000 -> 02000000000000000000000000000000
========================================================================
Received Prepare
Registering precompiled user dll's ...
Registered in 0.001168 seconds.
Begin MonoManager ReloadAssembly
Native extension for WindowsStandalone target not found
Refreshing native plugins compatible for Editor in 0.37 ms, found 0 plugins.
Preloading 0 native plugins for Editor in 0.00 ms.
Mono: successfully reloaded assembly
- Completed reload, in  1.656 seconds
Platform modules already initialized, skipping
Switching build target platform(19) subTarget(0) extendedPlatform(0) -> platform(13) subTarget(524288) extendedPlatform(0)
Refreshing native plugins compatible for Editor in 0.37 ms, found 0 plugins.
Preloading 0 native plugins for Editor in 0.00 ms.
Unloading 1460 Unused Serialized files (Serialized files now loaded: 0)
System memory in use before: 71.0 MB.
System memory in use after: 71.0 MB.

Unloading 7 unused Assets to reduce memory usage. Loaded Objects now: 2092.
Total: 2.603300 ms (FindLiveObjects: 0.397200 ms CreateObjectMapping: 0.072300 ms MarkObjects: 2.041200 ms  DeleteObjects: 0.090500 ms)

AssetImportParameters requested are different than current active one (requested -> active):
  custom:graphics/normal-map-encoding: 01000000000000000000000000000000 -> 02000000000000000000000000000000
========================================================================
Received Prepare
Registering precompiled user dll's ...
Registered in 0.001141 seconds.
Begin MonoManager ReloadAssembly
Native extension for WindowsStandalone target not found
Refreshing native plugins compatible for Editor in 0.43 ms, found 0 plugins.
Preloading 0 native plugins for Editor in 0.00 ms.
Mono: successfully reloaded assembly
- Completed reload, in  1.830 seconds
Platform modules already initialized, skipping
Switching build target platform(19) subTarget(0) extendedPlatform(0) -> platform(13) subTarget(524288) extendedPlatform(0)
Refreshing native plugins compatible for Editor in 0.37 ms, found 0 plugins.
Preloading 0 native plugins for Editor in 0.00 ms.
Unloading 1460 Unused Serialized files (Serialized files now loaded: 0)
System memory in use before: 71.0 MB.
System memory in use after: 71.0 MB.

Unloading 7 unused Assets to reduce memory usage. Loaded Objects now: 2096.
Total: 2.477700 ms (FindLiveObjects: 0.229000 ms CreateObjectMapping: 0.071100 ms MarkObjects: 2.091800 ms  DeleteObjects: 0.084000 ms)

AssetImportParameters requested are different than current active one (requested -> active):
  custom:graphics/normal-map-encoding: 01000000000000000000000000000000 -> 02000000000000000000000000000000
========================================================================
Received Prepare
Registering precompiled user dll's ...
Registered in 0.001130 seconds.
Begin MonoManager ReloadAssembly
Native extension for WindowsStandalone target not found
Refreshing native plugins compatible for Editor in 0.37 ms, found 0 plugins.
Preloading 0 native plugins for Editor in 0.00 ms.
Mono: successfully reloaded assembly
- Completed reload, in  1.659 seconds
Platform modules already initialized, skipping
Switching build target platform(19) subTarget(0) extendedPlatform(0) -> platform(13) subTarget(524288) extendedPlatform(0)
Refreshing native plugins compatible for Editor in 0.36 ms, found 0 plugins.
Preloading 0 native plugins for Editor in 0.00 ms.
Unloading 1460 Unused Serialized files (Serialized files now loaded: 0)
System memory in use before: 71.0 MB.
System memory in use after: 71.0 MB.

Unloading 7 unused Assets to reduce memory usage. Loaded Objects now: 2100.
Total: 2.379700 ms (FindLiveObjects: 0.213700 ms CreateObjectMapping: 0.070800 ms MarkObjects: 2.010400 ms  DeleteObjects: 0.082800 ms)

AssetImportParameters requested are different than current active one (requested -> active):
  custom:graphics/normal-map-encoding: 01000000000000000000000000000000 -> 02000000000000000000000000000000
========================================================================
Received Import Request.
  Time since last request: 663.203910 seconds.
  path: Assets/Prefabs/Sphere.prefab
  artifactKey: Guid(f94fcbb465391bf47b6c762a09aa8e2b) Importer(815301076,1909f56bfc062723c751e8b465ee728b)
Start importing Assets/Prefabs/Sphere.prefab using Guid(f94fcbb465391bf47b6c762a09aa8e2b) Importer(815301076,1909f56bfc062723c751e8b465ee728b)  -> (artifact id: 'b25ac4e4848a1f18711b36188888cdb3') in 0.090697 seconds
  Import took 0.093947 seconds .

========================================================================
Received Prepare
Registering precompiled user dll's ...
Registered in 0.001086 seconds.
Begin MonoManager ReloadAssembly
Native extension for WindowsStandalone target not found
Refreshing native plugins compatible for Editor in 0.43 ms, found 0 plugins.
Preloading 0 native plugins for Editor in 0.00 ms.
Mono: successfully reloaded assembly
- Completed reload, in  1.967 seconds
Platform modules already initialized, skipping
Switching build target platform(19) subTarget(0) extendedPlatform(0) -> platform(13) subTarget(524288) extendedPlatform(0)
Refreshing native plugins compatible for Editor in 0.38 ms, found 0 plugins.
Preloading 0 native plugins for Editor in 0.00 ms.
Unloading 1460 Unused Serialized files (Serialized files now loaded: 0)
System memory in use before: 71.0 MB.
System memory in use after: 71.1 MB.

Unloading 8 unused Assets to reduce memory usage. Loaded Objects now: 2105.
Total: 2.677700 ms (FindLiveObjects: 0.223800 ms CreateObjectMapping: 0.071100 ms MarkObjects: 2.285400 ms  DeleteObjects: 0.095200 ms)

AssetImportParameters requested are different than current active one (requested -> active):
  custom:graphics/normal-map-encoding: 01000000000000000000000000000000 -> 02000000000000000000000000000000
========================================================================
Received Prepare
Registering precompiled user dll's ...
Registered in 0.001315 seconds.
Begin MonoManager ReloadAssembly
Native extension for WindowsStandalone target not found
Refreshing native plugins compatible for Editor in 0.37 ms, found 0 plugins.
Preloading 0 native plugins for Editor in 0.00 ms.
Mono: successfully reloaded assembly
- Completed reload, in  1.670 seconds
Platform modules already initialized, skipping
Switching build target platform(19) subTarget(0) extendedPlatform(0) -> platform(13) subTarget(524288) extendedPlatform(0)
Refreshing native plugins compatible for Editor in 0.37 ms, found 0 plugins.
Preloading 0 native plugins for Editor in 0.00 ms.
Unloading 1460 Unused Serialized files (Serialized files now loaded: 0)
System memory in use before: 71.0 MB.
System memory in use after: 71.1 MB.

Unloading 7 unused Assets to reduce memory usage. Loaded Objects now: 2109.
Total: 2.542700 ms (FindLiveObjects: 0.202600 ms CreateObjectMapping: 0.072200 ms MarkObjects: 2.185200 ms  DeleteObjects: 0.080900 ms)

AssetImportParameters requested are different than current active one (requested -> active):
  custom:graphics/normal-map-encoding: 01000000000000000000000000000000 -> 02000000000000000000000000000000
========================================================================
Received Import Request.
  Time since last request: 39.017290 seconds.
  path: Assets/Prefabs/Sphere.prefab
  artifactKey: Guid(f94fcbb465391bf47b6c762a09aa8e2b) Importer(815301076,1909f56bfc062723c751e8b465ee728b)
Start importing Assets/Prefabs/Sphere.prefab using Guid(f94fcbb465391bf47b6c762a09aa8e2b) Importer(815301076,1909f56bfc062723c751e8b465ee728b)  -> (artifact id: 'ae33ef35273251bedc2b8e949f9ec342') in 0.075049 seconds
  Import took 0.077983 seconds .

========================================================================
Received Prepare
Registering precompiled user dll's ...
Registered in 0.001135 seconds.
Begin MonoManager ReloadAssembly
Native extension for WindowsStandalone target not found
Refreshing native plugins compatible for Editor in 0.38 ms, found 0 plugins.
Preloading 0 native plugins for Editor in 0.00 ms.
Mono: successfully reloaded assembly
- Completed reload, in  1.978 seconds
Platform modules already initialized, skipping
Switching build target platform(19) subTarget(0) extendedPlatform(0) -> platform(13) subTarget(524288) extendedPlatform(0)
Refreshing native plugins compatible for Editor in 0.57 ms, found 0 plugins.
Preloading 0 native plugins for Editor in 0.00 ms.
Unloading 1460 Unused Serialized files (Serialized files now loaded: 0)
System memory in use before: 71.0 MB.
System memory in use after: 71.1 MB.

Unloading 8 unused Assets to reduce memory usage. Loaded Objects now: 2114.
Total: 2.805700 ms (FindLiveObjects: 0.212400 ms CreateObjectMapping: 0.070900 ms MarkObjects: 2.430600 ms  DeleteObjects: 0.089600 ms)

AssetImportParameters requested are different than current active one (requested -> active):
  custom:graphics/normal-map-encoding: 01000000000000000000000000000000 -> 02000000000000000000000000000000
========================================================================
Received Import Request.
  Time since last request: 14.812097 seconds.
  path: Assets/Prefabs/Sphere.prefab
  artifactKey: Guid(f94fcbb465391bf47b6c762a09aa8e2b) Importer(815301076,1909f56bfc062723c751e8b465ee728b)
Start importing Assets/Prefabs/Sphere.prefab using Guid(f94fcbb465391bf47b6c762a09aa8e2b) Importer(815301076,1909f56bfc062723c751e8b465ee728b)  -> (artifact id: 'c8670bde8083e6d7fb68784afcbc3a4f') in 0.092542 seconds
  Import took 0.096375 seconds .

========================================================================
Received Prepare
Registering precompiled user dll's ...
Registered in 0.001160 seconds.
Begin MonoManager ReloadAssembly
Native extension for WindowsStandalone target not found
Refreshing native plugins compatible for Editor in 0.64 ms, found 0 plugins.
Preloading 0 native plugins for Editor in 0.00 ms.
Mono: successfully reloaded assembly
- Completed reload, in  1.746 seconds
Platform modules already initialized, skipping
Switching build target platform(19) subTarget(0) extendedPlatform(0) -> platform(13) subTarget(524288) extendedPlatform(0)
Refreshing native plugins compatible for Editor in 0.38 ms, found 0 plugins.
Preloading 0 native plugins for Editor in 0.00 ms.
Unloading 1460 Unused Serialized files (Serialized files now loaded: 0)
System memory in use before: 71.0 MB.
System memory in use after: 71.1 MB.

Unloading 8 unused Assets to reduce memory usage. Loaded Objects now: 2119.
Total: 2.662600 ms (FindLiveObjects: 0.236200 ms CreateObjectMapping: 0.096300 ms MarkObjects: 2.220100 ms  DeleteObjects: 0.108400 ms)

AssetImportParameters requested are different than current active one (requested -> active):
  custom:graphics/normal-map-encoding: 01000000000000000000000000000000 -> 02000000000000000000000000000000
========================================================================
Received Prepare
Registering precompiled user dll's ...
Registered in 0.001081 seconds.
Begin MonoManager ReloadAssembly
Native extension for WindowsStandalone target not found
Refreshing native plugins compatible for Editor in 0.37 ms, found 0 plugins.
Preloading 0 native plugins for Editor in 0.00 ms.
Mono: successfully reloaded assembly
- Completed reload, in  1.763 seconds
Platform modules already initialized, skipping
Switching build target platform(19) subTarget(0) extendedPlatform(0) -> platform(13) subTarget(524288) extendedPlatform(0)
Refreshing native plugins compatible for Editor in 0.38 ms, found 0 plugins.
Preloading 0 native plugins for Editor in 0.00 ms.
Unloading 1460 Unused Serialized files (Serialized files now loaded: 0)
System memory in use before: 71.0 MB.
System memory in use after: 71.1 MB.

Unloading 7 unused Assets to reduce memory usage. Loaded Objects now: 2123.
Total: 3.339100 ms (FindLiveObjects: 0.343500 ms CreateObjectMapping: 0.115700 ms MarkObjects: 2.768700 ms  DeleteObjects: 0.109100 ms)

AssetImportParameters requested are different than current active one (requested -> active):
  custom:graphics/normal-map-encoding: 01000000000000000000000000000000 -> 02000000000000000000000000000000
========================================================================
Received Prepare
Registering precompiled user dll's ...
Registered in 0.001140 seconds.
Begin MonoManager ReloadAssembly
Native extension for WindowsStandalone target not found
Refreshing native plugins compatible for Editor in 0.42 ms, found 0 plugins.
Preloading 0 native plugins for Editor in 0.00 ms.
Mono: successfully reloaded assembly
- Completed reload, in  1.808 seconds
Platform modules already initialized, skipping
Switching build target platform(19) subTarget(0) extendedPlatform(0) -> platform(13) subTarget(524288) extendedPlatform(0)
Refreshing native plugins compatible for Editor in 0.37 ms, found 0 plugins.
Preloading 0 native plugins for Editor in 0.00 ms.
Unloading 1460 Unused Serialized files (Serialized files now loaded: 0)
System memory in use before: 71.0 MB.
System memory in use after: 71.1 MB.

Unloading 7 unused Assets to reduce memory usage. Loaded Objects now: 2127.
Total: 2.754200 ms (FindLiveObjects: 0.244500 ms CreateObjectMapping: 0.102700 ms MarkObjects: 2.293200 ms  DeleteObjects: 0.111700 ms)

AssetImportParameters requested are different than current active one (requested -> active):
  custom:graphics/normal-map-encoding: 01000000000000000000000000000000 -> 02000000000000000000000000000000
========================================================================
Received Prepare
Registering precompiled user dll's ...
Registered in 0.001039 seconds.
Begin MonoManager ReloadAssembly
Native extension for WindowsStandalone target not found
Refreshing native plugins compatible for Editor in 0.39 ms, found 0 plugins.
Preloading 0 native plugins for Editor in 0.00 ms.
Mono: successfully reloaded assembly
- Completed reload, in  1.718 seconds
Platform modules already initialized, skipping
Switching build target platform(19) subTarget(0) extendedPlatform(0) -> platform(13) subTarget(524288) extendedPlatform(0)
Refreshing native plugins compatible for Editor in 0.39 ms, found 0 plugins.
Preloading 0 native plugins for Editor in 0.00 ms.
Unloading 1460 Unused Serialized files (Serialized files now loaded: 0)
System memory in use before: 71.0 MB.
System memory in use after: 71.1 MB.

Unloading 7 unused Assets to reduce memory usage. Loaded Objects now: 2131.
Total: 3.152800 ms (FindLiveObjects: 0.237400 ms CreateObjectMapping: 0.090800 ms MarkObjects: 2.698200 ms  DeleteObjects: 0.123700 ms)

AssetImportParameters requested are different than current active one (requested -> active):
  custom:graphics/normal-map-encoding: 01000000000000000000000000000000 -> 02000000000000000000000000000000
AssetImportWorkerClient::OnTransportError - code=2 error=End of file
